\BOOKMARK [1][-]{section*.1}{\376\377\000L\000a\000p\000o\000r\000a\000n\000\040\000H\000a\000s\000i\000l\000\040\000P\000e\000r\000c\000o\000b\000a\000a\000n\000\040\000F\000i\000r\000e\000w\000a\000l\000l\000\040\000\046\000\040\000N\000A\000T}{}% 1
\BOOKMARK [1][-]{section.1}{\376\377\000L\000a\000n\000g\000k\000a\000h\000-\000L\000a\000n\000g\000k\000a\000h\000\040\000P\000e\000r\000c\000o\000b\000a\000a\000n}{}% 2
\BOOKMARK [2][-]{section*.2}{\376\377\000K\000o\000n\000f\000i\000g\000u\000r\000a\000s\000i\000\040\000A\000w\000a\000l\000\040\000R\000o\000u\000t\000e\000r}{section.1}% 3
\BOOKMARK [2][-]{section*.4}{\376\377\000K\000o\000n\000f\000i\000g\000u\000r\000a\000s\000i\000\040\000J\000a\000r\000i\000n\000g\000a\000n\000\040\000d\000a\000n\000\040\000N\000A\000T}{section.1}% 4
\BOOKMARK [2][-]{section*.9}{\376\377\000K\000o\000n\000f\000i\000g\000u\000r\000a\000s\000i\000\040\000A\000t\000u\000r\000a\000n\000\040\000F\000i\000r\000e\000w\000a\000l\000l}{section.1}% 5
\BOOKMARK [2][-]{section*.12}{\376\377\000P\000e\000n\000g\000u\000j\000i\000a\000n\000\040\000F\000u\000n\000g\000s\000i\000o\000n\000a\000l\000i\000t\000a\000s}{section.1}% 6
\BOOKMARK [1][-]{section.2}{\376\377\000A\000n\000a\000l\000i\000s\000i\000s\000\040\000H\000a\000s\000i\000l\000\040\000P\000e\000r\000c\000o\000b\000a\000a\000n}{}% 7
\BOOKMARK [1][-]{section.2}{\376\377\000A\000n\000a\000l\000i\000s\000i\000s\000\040\000H\000a\000s\000i\000l\000\040\000P\000e\000r\000c\000o\000b\000a\000a\000n}{}% 8
\BOOKMARK [2][-]{section*.16}{\376\377\000A\000n\000a\000l\000i\000s\000i\000s\000\040\000K\000o\000n\000f\000i\000g\000u\000r\000a\000s\000i\000\040\000N\000A\000T}{section.2}% 9
\BOOKMARK [2][-]{section*.17}{\376\377\000A\000n\000a\000l\000i\000s\000i\000s\000\040\000A\000t\000u\000r\000a\000n\000\040\000F\000i\000r\000e\000w\000a\000l\000l\000\040\000I\000C\000M\000P}{section.2}% 10
\BOOKMARK [2][-]{section*.18}{\376\377\000A\000n\000a\000l\000i\000s\000i\000s\000\040\000A\000t\000u\000r\000a\000n\000\040\000F\000i\000r\000e\000w\000a\000l\000l\000\040\000P\000e\000m\000b\000l\000o\000k\000i\000r\000a\000n\000\040\000K\000o\000n\000t\000e\000n}{section.2}% 11
\BOOKMARK [1][-]{section.3}{\376\377\000T\000u\000g\000a\000s\000\040\000M\000o\000d\000u\000l}{}% 12
\BOOKMARK [1][-]{section.3}{\376\377\000T\000u\000g\000a\000s\000\040\000M\000o\000d\000u\000l}{}% 13
\BOOKMARK [2][-]{section*.19}{\376\377\000T\000o\000p\000o\000l\000o\000g\000i\000\040\000d\000a\000n\000\040\000K\000o\000n\000f\000i\000g\000u\000r\000a\000s\000i\000\040\000A\000w\000a\000l}{section.3}% 14
\BOOKMARK [2][-]{section*.24}{\376\377\000I\000m\000p\000l\000e\000m\000e\000n\000t\000a\000s\000i\000\040\000N\000A\000T\000\040\000O\000v\000e\000r\000l\000o\000a\000d}{section.3}% 15
\BOOKMARK [2][-]{section*.28}{\376\377\000S\000k\000e\000n\000a\000r\000i\000o\000\040\000F\000i\000r\000e\000w\000a\000l\000l\000\040\0001\000:\000\040\000I\000z\000i\000n\000k\000a\000n\000\040\000H\000a\000n\000y\000a\000\040\000P\000C\0001}{section.3}% 16
\BOOKMARK [2][-]{section*.31}{\376\377\000S\000k\000e\000n\000a\000r\000i\000o\000\040\000F\000i\000r\000e\000w\000a\000l\000l\000\040\0002\000:\000\040\000B\000l\000o\000k\000i\000r\000\040\000P\000C\0002\000\040\000d\000a\000n\000\040\000P\000C\0003}{section.3}% 17
\BOOKMARK [1][-]{section.4}{\376\377\000K\000e\000s\000i\000m\000p\000u\000l\000a\000n}{}% 18
\BOOKMARK [1][-]{section.4}{\376\377\000K\000e\000s\000i\000m\000p\000u\000l\000a\000n}{}% 19
\BOOKMARK [1][-]{section.5}{\376\377\000L\000a\000m\000p\000i\000r\000a\000n}{}% 20
\BOOKMARK [2][-]{section*.34}{\376\377\000D\000o\000k\000u\000m\000e\000n\000t\000a\000s\000i\000\040\000s\000a\000a\000t\000\040\000p\000r\000a\000k\000t\000i\000k\000u\000m}{section.5}% 21
